/*C21*/SET SCHEMA PUBLIC
INSERT INTO EMPLOYEE VALUES(3,'YANGUE','','2020','08241989','Florent',1)
COMMIT
INSERT INTO EMPLOYEE VALUES(4,'ATTIEGOUA','','2020','04510510','Mathias',1)
COMMIT
INSERT INTO EMPLOYEE VALUES(5,'BLE','','2020','','Desire',1)
COMMIT
DISCONNECT
/*C20*/SET SCHEMA PUBLIC
DISCONNECT
/*C19*/SET SCHEMA PUBLIC
DISCONNECT
/*C18*/SET SCHEMA PUBLIC
DISCONNECT
/*C17*/SET SCHEMA PUBLIC
DISCONNECT
/*C16*/SET SCHEMA PUBLIC
DISCONNECT
/*C15*/SET SCHEMA PUBLIC
DISCONNECT
/*C14*/SET SCHEMA PUBLIC
DISCONNECT
/*C13*/SET SCHEMA PUBLIC
DISCONNECT
/*C12*/SET SCHEMA PUBLIC
DISCONNECT
